{"module": "education", "status": "synced", "timestamp": "2025-10-16T10:21:00Z", "latency_ms": 120}
{"module": "finance", "status": "synced", "timestamp": "2025-10-16T10:21:05Z", "latency_ms": 95}
{"module": "creative", "status": "synced", "timestamp": "2025-10-16T10:21:10Z", "latency_ms": 110}{"module": "education", "status": "synced", "timestamp": "2025-10-27T07:37:23.197247Z", "latency_ms": 50}
{"module": "education", "status": "synced", "timestamp": "2025-10-27T07:39:47.731059Z", "latency_ms": 50}
{"module": "finance", "status": "synced", "timestamp": "2025-10-27T07:39:51.747607Z", "latency_ms": 50}
{"module": "creative", "status": "synced", "timestamp": "2025-10-27T07:39:55.793051Z", "latency_ms": 50}
{"module": "education", "status": "synced", "timestamp": "2025-10-27T07:40:29.840776Z", "latency_ms": 50}
{"module": "finance", "status": "synced", "timestamp": "2025-10-27T07:40:33.903485Z", "latency_ms": 50}
{"module": "creative", "status": "synced", "timestamp": "2025-10-27T07:40:37.950514Z", "latency_ms": 50}
{"module": "education", "status": "synced", "timestamp": "2025-10-27T07:41:11.998582Z", "latency_ms": 50}
{"module": "finance", "status": "synced", "timestamp": "2025-10-27T07:41:16.059770Z", "latency_ms": 50}
{"module": "creative", "status": "synced", "timestamp": "2025-10-27T07:41:20.106740Z", "latency_ms": 50}
{"module": "education", "status": "synced", "timestamp": "2025-10-27T07:41:54.154376Z", "latency_ms": 50}
{"module": "finance", "status": "synced", "timestamp": "2025-10-27T07:41:58.200652Z", "latency_ms": 50}
{"module": "creative", "status": "synced", "timestamp": "2025-10-27T07:42:02.250489Z", "latency_ms": 50}
{"module": "education", "status": "synced", "timestamp": "2025-10-27T07:42:36.295778Z", "latency_ms": 50}
{"module": "finance", "status": "synced", "timestamp": "2025-10-27T07:42:40.326147Z", "latency_ms": 50}
{"module": "creative", "status": "synced", "timestamp": "2025-10-27T07:42:44.357971Z", "latency_ms": 50}
{"module": "education", "status": "synced", "timestamp": "2025-10-27T07:43:18.404170Z", "latency_ms": 50}
{"module": "finance", "status": "synced", "timestamp": "2025-10-27T07:43:22.450836Z", "latency_ms": 50}
{"module": "creative", "status": "synced", "timestamp": "2025-10-27T07:43:26.497675Z", "latency_ms": 50}
{"module": "education", "status": "synced", "timestamp": "2025-10-27T07:44:00.545496Z", "latency_ms": 50}
{"module": "finance", "status": "synced", "timestamp": "2025-10-27T07:44:04.591865Z", "latency_ms": 50}
{"module": "creative", "status": "synced", "timestamp": "2025-10-27T07:44:08.640040Z", "latency_ms": 50}
{"module": "education", "status": "synced", "timestamp": "2025-10-27T07:44:42.700900Z", "latency_ms": 50}
{"module": "finance", "status": "synced", "timestamp": "2025-10-27T07:44:46.748101Z", "latency_ms": 50}
{"module": "creative", "status": "synced", "timestamp": "2025-10-27T07:44:50.796063Z", "latency_ms": 50}
{"module": "education", "status": "synced", "timestamp": "2025-10-27T07:45:24.842243Z", "latency_ms": 50}
{"module": "finance", "status": "synced", "timestamp": "2025-10-27T07:45:28.880178Z", "latency_ms": 50}
{"module": "creative", "status": "synced", "timestamp": "2025-10-27T07:45:32.904060Z", "latency_ms": 50}
{"module": "education", "status": "synced", "timestamp": "2025-10-27T07:46:06.935235Z", "latency_ms": 50}
{"module": "finance", "status": "synced", "timestamp": "2025-10-27T07:46:10.983156Z", "latency_ms": 50}
{"module": "creative", "status": "synced", "timestamp": "2025-10-27T07:46:15.014528Z", "latency_ms": 50}
{"module": "education", "status": "synced", "timestamp": "2025-10-27T07:46:49.061591Z", "latency_ms": 50}
{"module": "finance", "status": "synced", "timestamp": "2025-10-27T07:46:53.107753Z", "latency_ms": 50}
{"module": "creative", "status": "synced", "timestamp": "2025-10-27T07:46:57.139486Z", "latency_ms": 50}
{"module": "education", "status": "synced", "timestamp": "2025-10-27T07:47:31.199033Z", "latency_ms": 50}
{"module": "finance", "status": "synced", "timestamp": "2025-10-27T07:47:35.247176Z", "latency_ms": 50}
{"module": "creative", "status": "synced", "timestamp": "2025-10-27T07:47:39.279455Z", "latency_ms": 50}
{"module": "education", "status": "synced", "timestamp": "2025-10-27T07:48:13.340412Z", "latency_ms": 50}
{"module": "finance", "status": "synced", "timestamp": "2025-10-27T07:48:17.389227Z", "latency_ms": 50}
{"module": "creative", "status": "synced", "timestamp": "2025-10-27T07:48:21.419927Z", "latency_ms": 50}
{"module": "education", "status": "synced", "timestamp": "2025-10-27T07:48:55.468558Z", "latency_ms": 50}
{"module": "finance", "status": "synced", "timestamp": "2025-10-27T07:48:59.515164Z", "latency_ms": 50}
{"module": "creative", "status": "synced", "timestamp": "2025-10-27T07:49:03.545488Z", "latency_ms": 50}
{"module": "education", "status": "synced", "timestamp": "2025-10-27T07:49:37.576693Z", "latency_ms": 50}
{"module": "finance", "status": "synced", "timestamp": "2025-10-27T07:49:41.637326Z", "latency_ms": 50}
{"module": "creative", "status": "synced", "timestamp": "2025-10-27T07:49:45.685570Z", "latency_ms": 50}
{"module": "education", "status": "synced", "timestamp": "2025-10-27T07:50:19.725603Z", "latency_ms": 50}
{"module": "finance", "status": "synced", "timestamp": "2025-10-27T07:50:23.763554Z", "latency_ms": 50}
{"module": "creative", "status": "synced", "timestamp": "2025-10-27T07:50:27.792893Z", "latency_ms": 50}
{"module": "education", "status": "synced", "timestamp": "2025-10-27T07:51:01.856107Z", "latency_ms": 50}
{"module": "finance", "status": "synced", "timestamp": "2025-10-27T07:51:05.904103Z", "latency_ms": 50}
{"module": "creative", "status": "synced", "timestamp": "2025-10-27T07:51:09.935863Z", "latency_ms": 50}
{"module": "education", "status": "synced", "timestamp": "2025-10-29T04:48:30.969437Z", "latency_ms": 50}
{"module": "finance", "status": "synced", "timestamp": "2025-10-29T04:48:35.012005Z", "latency_ms": 50}
{"module": "creative", "status": "synced", "timestamp": "2025-10-29T04:48:39.048162Z", "latency_ms": 50}
{"module": "education", "status": "synced", "timestamp": "2025-10-29T04:49:13.082740Z", "latency_ms": 50}
{"module": "finance", "status": "synced", "timestamp": "2025-10-29T04:49:17.115472Z", "latency_ms": 50}
{"module": "creative", "status": "synced", "timestamp": "2025-10-29T04:49:21.162116Z", "latency_ms": 50}
{"module": "education", "status": "synced", "timestamp": "2025-10-29T04:49:55.211582Z", "latency_ms": 50}
{"module": "finance", "status": "synced", "timestamp": "2025-10-29T04:49:59.258107Z", "latency_ms": 50}
{"module": "creative", "status": "synced", "timestamp": "2025-10-29T04:50:03.304689Z", "latency_ms": 50}
{"module": "test", "status": "synced", "timestamp": "2025-10-29T04:50:18.430098Z", "latency_ms": 50}
{"module": "education", "status": "synced", "timestamp": "2025-10-29T04:50:37.341989Z", "latency_ms": 50}
{"module": "finance", "status": "synced", "timestamp": "2025-10-29T04:50:41.391757Z", "latency_ms": 50}
{"module": "creative", "status": "synced", "timestamp": "2025-10-29T04:50:45.419355Z", "latency_ms": 50}
{"module": "education", "status": "synced", "timestamp": "2025-10-29T04:51:19.451730Z", "latency_ms": 50}
{"module": "finance", "status": "synced", "timestamp": "2025-10-29T04:51:23.490157Z", "latency_ms": 50}
{"module": "creative", "status": "synced", "timestamp": "2025-10-29T04:51:27.519725Z", "latency_ms": 50}
{"module": "education", "status": "synced", "timestamp": "2025-10-29T04:52:01.572458Z", "latency_ms": 50}
{"module": "finance", "status": "synced", "timestamp": "2025-10-29T04:52:05.634325Z", "latency_ms": 50}
{"module": "creative", "status": "synced", "timestamp": "2025-10-29T04:52:09.667799Z", "latency_ms": 50}
{"module": "education", "status": "synced", "timestamp": "2025-10-29T04:52:43.700084Z", "latency_ms": 50}
{"module": "finance", "status": "synced", "timestamp": "2025-10-29T04:52:47.729467Z", "latency_ms": 50}
{"module": "creative", "status": "synced", "timestamp": "2025-10-29T04:52:51.765925Z", "latency_ms": 50}
{"module": "education", "status": "synced", "timestamp": "2025-10-29T04:53:25.809019Z", "latency_ms": 50}
{"module": "finance", "status": "synced", "timestamp": "2025-10-29T04:53:29.846426Z", "latency_ms": 50}
{"module": "creative", "status": "synced", "timestamp": "2025-10-29T04:53:33.880775Z", "latency_ms": 50}
{"module": "education", "status": "synced", "timestamp": "2025-10-29T04:54:07.943685Z", "latency_ms": 50}
{"module": "finance", "status": "synced", "timestamp": "2025-10-29T04:54:11.976801Z", "latency_ms": 50}
{"module": "creative", "status": "synced", "timestamp": "2025-10-29T04:54:16.009727Z", "latency_ms": 50}
{"module": "education", "status": "synced", "timestamp": "2025-10-29T04:54:50.060111Z", "latency_ms": 50}
{"module": "finance", "status": "synced", "timestamp": "2025-10-29T04:54:54.093792Z", "latency_ms": 50}
{"module": "creative", "status": "synced", "timestamp": "2025-10-29T04:54:58.136891Z", "latency_ms": 50}
{"module": "education", "status": "synced", "timestamp": "2025-10-29T04:55:32.174716Z", "latency_ms": 50}
{"module": "finance", "status": "synced", "timestamp": "2025-10-29T04:55:36.210697Z", "latency_ms": 50}
{"module": "creative", "status": "synced", "timestamp": "2025-10-29T04:55:40.247651Z", "latency_ms": 50}
{"module": "education", "status": "synced", "timestamp": "2025-10-29T04:56:14.278417Z", "latency_ms": 50}
{"module": "finance", "status": "synced", "timestamp": "2025-10-29T04:56:18.325550Z", "latency_ms": 50}
{"module": "creative", "status": "synced", "timestamp": "2025-10-29T04:56:22.369189Z", "latency_ms": 50}
{"module": "education", "status": "synced", "timestamp": "2025-10-29T04:56:56.419859Z", "latency_ms": 50}
{"module": "finance", "status": "synced", "timestamp": "2025-10-29T04:57:00.463938Z", "latency_ms": 50}
{"module": "creative", "status": "synced", "timestamp": "2025-10-29T04:57:04.500753Z", "latency_ms": 50}
{"module": "education", "status": "synced", "timestamp": "2025-10-29T04:57:38.548464Z", "latency_ms": 50}
{"module": "finance", "status": "synced", "timestamp": "2025-10-29T04:57:42.611283Z", "latency_ms": 50}
{"module": "creative", "status": "synced", "timestamp": "2025-10-29T04:57:46.665871Z", "latency_ms": 50}
{"module": "education", "status": "synced", "timestamp": "2025-10-29T04:58:20.716177Z", "latency_ms": 50}
{"module": "finance", "status": "synced", "timestamp": "2025-10-29T04:58:24.767595Z", "latency_ms": 50}
{"module": "creative", "status": "synced", "timestamp": "2025-10-29T04:58:28.799628Z", "latency_ms": 50}
{"module": "education", "status": "synced", "timestamp": "2025-10-29T04:59:02.834272Z", "latency_ms": 50}
{"module": "finance", "status": "synced", "timestamp": "2025-10-29T04:59:06.873655Z", "latency_ms": 50}
{"module": "creative", "status": "synced", "timestamp": "2025-10-29T04:59:10.887538Z", "latency_ms": 50}
{"module": "education", "status": "synced", "timestamp": "2025-10-29T04:59:44.929703Z", "latency_ms": 50}
{"module": "finance", "status": "synced", "timestamp": "2025-10-29T04:59:48.968680Z", "latency_ms": 50}
{"module": "creative", "status": "synced", "timestamp": "2025-10-29T04:59:53.024266Z", "latency_ms": 50}
{"module": "education", "status": "synced", "timestamp": "2025-10-29T05:00:27.062917Z", "latency_ms": 50}
{"module": "finance", "status": "synced", "timestamp": "2025-10-29T05:00:31.114450Z", "latency_ms": 50}
{"module": "creative", "status": "synced", "timestamp": "2025-10-29T05:00:35.155885Z", "latency_ms": 50}
{"module": "education", "status": "synced", "timestamp": "2025-10-29T05:01:09.211818Z", "latency_ms": 50}
{"module": "finance", "status": "synced", "timestamp": "2025-10-29T05:01:13.244902Z", "latency_ms": 50}
{"module": "creative", "status": "synced", "timestamp": "2025-10-29T05:01:17.301584Z", "latency_ms": 50}
{"module": "education", "status": "synced", "timestamp": "2025-10-29T05:01:51.357856Z", "latency_ms": 50}
{"module": "finance", "status": "synced", "timestamp": "2025-10-29T05:01:55.382053Z", "latency_ms": 50}
{"module": "creative", "status": "synced", "timestamp": "2025-10-29T05:01:59.437189Z", "latency_ms": 50}
{"module": "education", "status": "synced", "timestamp": "2025-10-29T05:02:33.474003Z", "latency_ms": 50}
{"module": "finance", "status": "synced", "timestamp": "2025-10-29T05:02:37.528977Z", "latency_ms": 50}
{"module": "creative", "status": "synced", "timestamp": "2025-10-29T05:02:41.564644Z", "latency_ms": 50}
{"module": "education", "status": "synced", "timestamp": "2025-10-29T05:03:15.615592Z", "latency_ms": 50}
{"module": "finance", "status": "synced", "timestamp": "2025-10-29T05:03:19.678874Z", "latency_ms": 50}
{"module": "creative", "status": "synced", "timestamp": "2025-10-29T05:03:23.747672Z", "latency_ms": 50}
{"module": "education", "status": "synced", "timestamp": "2025-10-29T05:03:57.800042Z", "latency_ms": 50}
{"module": "finance", "status": "synced", "timestamp": "2025-10-29T05:04:01.841103Z", "latency_ms": 50}
{"module": "creative", "status": "synced", "timestamp": "2025-10-29T05:04:05.884058Z", "latency_ms": 50}
{"module": "education", "status": "synced", "timestamp": "2025-10-29T05:04:39.924756Z", "latency_ms": 50}
{"module": "finance", "status": "synced", "timestamp": "2025-10-29T05:04:43.980964Z", "latency_ms": 50}
{"module": "creative", "status": "synced", "timestamp": "2025-10-29T05:04:48.019875Z", "latency_ms": 50}
{"module": "education", "status": "synced", "timestamp": "2025-10-29T05:05:22.064276Z", "latency_ms": 50}
{"module": "finance", "status": "synced", "timestamp": "2025-10-29T05:05:26.100726Z", "latency_ms": 50}
{"module": "creative", "status": "synced", "timestamp": "2025-10-29T05:05:30.160116Z", "latency_ms": 50}
{"module": "education", "status": "synced", "timestamp": "2025-10-29T05:06:04.208042Z", "latency_ms": 50}
{"module": "finance", "status": "synced", "timestamp": "2025-10-29T05:06:08.264528Z", "latency_ms": 50}
{"module": "creative", "status": "synced", "timestamp": "2025-10-29T05:06:12.295613Z", "latency_ms": 50}
{"module": "education", "status": "synced", "timestamp": "2025-10-29T05:06:46.341039Z", "latency_ms": 50}
{"module": "finance", "status": "synced", "timestamp": "2025-10-29T05:06:50.383457Z", "latency_ms": 50}
{"module": "creative", "status": "synced", "timestamp": "2025-10-29T05:06:54.424821Z", "latency_ms": 50}
{"module": "education", "status": "synced", "timestamp": "2025-10-29T05:07:28.467619Z", "latency_ms": 50}
{"module": "finance", "status": "synced", "timestamp": "2025-10-29T05:07:32.498205Z", "latency_ms": 50}
{"module": "creative", "status": "synced", "timestamp": "2025-10-29T05:07:36.534238Z", "latency_ms": 50}
{"module": "education", "status": "synced", "timestamp": "2025-10-29T05:08:10.577050Z", "latency_ms": 50}
{"module": "finance", "status": "synced", "timestamp": "2025-10-29T05:08:14.624136Z", "latency_ms": 50}
{"module": "creative", "status": "synced", "timestamp": "2025-10-29T05:08:18.655627Z", "latency_ms": 50}
{"module": "education", "status": "synced", "timestamp": "2025-10-29T05:08:52.703305Z", "latency_ms": 50}
{"module": "finance", "status": "synced", "timestamp": "2025-10-29T05:08:56.733179Z", "latency_ms": 50}
{"module": "creative", "status": "synced", "timestamp": "2025-10-29T05:09:00.800986Z", "latency_ms": 50}
{"module": "education", "status": "synced", "timestamp": "2025-10-29T05:09:34.858249Z", "latency_ms": 50}
{"module": "finance", "status": "synced", "timestamp": "2025-10-29T05:09:38.902669Z", "latency_ms": 50}
{"module": "creative", "status": "synced", "timestamp": "2025-10-29T05:09:42.925358Z", "latency_ms": 50}
{"module": "education", "status": "synced", "timestamp": "2025-10-29T05:10:16.971257Z", "latency_ms": 50}
{"module": "finance", "status": "synced", "timestamp": "2025-10-29T05:10:21.005373Z", "latency_ms": 50}
{"module": "creative", "status": "synced", "timestamp": "2025-10-29T05:10:25.054039Z", "latency_ms": 50}
{"module": "education", "status": "synced", "timestamp": "2025-10-29T05:10:59.100724Z", "latency_ms": 50}
{"module": "finance", "status": "synced", "timestamp": "2025-10-29T05:11:03.136194Z", "latency_ms": 50}
{"module": "creative", "status": "synced", "timestamp": "2025-10-29T05:11:07.176318Z", "latency_ms": 50}
{"module": "education", "status": "synced", "timestamp": "2025-10-29T05:11:41.228772Z", "latency_ms": 50}
{"module": "finance", "status": "synced", "timestamp": "2025-10-29T05:11:45.283878Z", "latency_ms": 50}
{"module": "creative", "status": "synced", "timestamp": "2025-10-29T05:11:49.331906Z", "latency_ms": 50}
{"module": "education", "status": "synced", "timestamp": "2025-10-29T05:12:23.395914Z", "latency_ms": 50}
{"module": "finance", "status": "synced", "timestamp": "2025-10-29T05:12:27.441462Z", "latency_ms": 50}
{"module": "creative", "status": "synced", "timestamp": "2025-10-29T05:12:31.473700Z", "latency_ms": 50}
{"module": "education", "status": "synced", "timestamp": "2025-10-29T05:13:05.492424Z", "latency_ms": 50}
{"module": "finance", "status": "synced", "timestamp": "2025-10-29T05:13:09.541001Z", "latency_ms": 50}
{"module": "creative", "status": "synced", "timestamp": "2025-10-29T05:13:13.549369Z", "latency_ms": 50}
{"module": "education", "status": "synced", "timestamp": "2025-10-29T05:13:47.580869Z", "latency_ms": 50}
{"module": "finance", "status": "synced", "timestamp": "2025-10-29T05:13:51.613814Z", "latency_ms": 50}
{"module": "creative", "status": "synced", "timestamp": "2025-10-29T05:13:55.635817Z", "latency_ms": 50}
{"module": "education", "status": "synced", "timestamp": "2025-10-29T05:14:29.660830Z", "latency_ms": 50}
{"module": "finance", "status": "synced", "timestamp": "2025-10-29T05:14:33.685795Z", "latency_ms": 50}
{"module": "creative", "status": "synced", "timestamp": "2025-10-29T05:14:37.708350Z", "latency_ms": 50}
{"module": "education", "status": "synced", "timestamp": "2025-10-29T05:15:11.756817Z", "latency_ms": 50}
{"module": "finance", "status": "synced", "timestamp": "2025-10-29T05:15:15.786379Z", "latency_ms": 50}
{"module": "creative", "status": "synced", "timestamp": "2025-10-29T05:15:19.810927Z", "latency_ms": 50}
{"module": "education", "status": "synced", "timestamp": "2025-10-29T05:15:53.843151Z", "latency_ms": 50}
{"module": "finance", "status": "synced", "timestamp": "2025-10-29T05:15:57.882333Z", "latency_ms": 50}
{"module": "creative", "status": "synced", "timestamp": "2025-10-29T05:16:01.923111Z", "latency_ms": 50}
{"module": "education", "status": "synced", "timestamp": "2025-10-29T05:16:35.982968Z", "latency_ms": 50}
{"module": "finance", "status": "synced", "timestamp": "2025-10-29T05:16:40.020539Z", "latency_ms": 50}
{"module": "creative", "status": "synced", "timestamp": "2025-10-29T05:16:44.055887Z", "latency_ms": 50}
{"module": "education", "status": "synced", "timestamp": "2025-10-29T05:17:18.105466Z", "latency_ms": 50}
{"module": "finance", "status": "synced", "timestamp": "2025-10-29T05:17:22.131459Z", "latency_ms": 50}
{"module": "creative", "status": "synced", "timestamp": "2025-10-29T05:17:26.169873Z", "latency_ms": 50}
{"module": "education", "status": "synced", "timestamp": "2025-10-29T05:18:00.201428Z", "latency_ms": 50}
{"module": "finance", "status": "synced", "timestamp": "2025-10-29T05:18:04.240542Z", "latency_ms": 50}
{"module": "creative", "status": "synced", "timestamp": "2025-10-29T05:18:08.271885Z", "latency_ms": 50}
{"module": "education", "status": "synced", "timestamp": "2025-10-29T05:18:42.319808Z", "latency_ms": 50}
{"module": "finance", "status": "synced", "timestamp": "2025-10-29T05:18:46.357583Z", "latency_ms": 50}
{"module": "creative", "status": "synced", "timestamp": "2025-10-29T05:18:50.396862Z", "latency_ms": 50}
{"module": "education", "status": "synced", "timestamp": "2025-10-29T05:19:24.431956Z", "latency_ms": 50}
{"module": "finance", "status": "synced", "timestamp": "2025-10-29T05:19:28.465997Z", "latency_ms": 50}
{"module": "creative", "status": "synced", "timestamp": "2025-10-29T05:19:32.501798Z", "latency_ms": 50}
{"module": "education", "status": "synced", "timestamp": "2025-10-29T05:20:06.537813Z", "latency_ms": 50}
{"module": "finance", "status": "synced", "timestamp": "2025-10-29T05:20:10.578071Z", "latency_ms": 50}
{"module": "creative", "status": "synced", "timestamp": "2025-10-29T05:20:14.613023Z", "latency_ms": 50}
{"module": "education", "status": "synced", "timestamp": "2025-10-29T05:20:48.659227Z", "latency_ms": 50}
{"module": "finance", "status": "synced", "timestamp": "2025-10-29T05:20:52.703893Z", "latency_ms": 50}
{"module": "creative", "status": "synced", "timestamp": "2025-10-29T05:20:56.731779Z", "latency_ms": 50}
{"module": "education", "status": "synced", "timestamp": "2025-10-29T05:21:30.764084Z", "latency_ms": 50}
{"module": "finance", "status": "synced", "timestamp": "2025-10-29T05:21:34.797899Z", "latency_ms": 50}
{"module": "creative", "status": "synced", "timestamp": "2025-10-29T05:21:38.837083Z", "latency_ms": 50}
{"module": "education", "status": "synced", "timestamp": "2025-10-29T05:22:12.884266Z", "latency_ms": 50}
{"module": "finance", "status": "synced", "timestamp": "2025-10-29T05:22:16.912408Z", "latency_ms": 50}
{"module": "creative", "status": "synced", "timestamp": "2025-10-29T05:22:20.940090Z", "latency_ms": 50}
{"module": "education", "status": "synced", "timestamp": "2025-10-29T05:22:54.985505Z", "latency_ms": 50}
{"module": "finance", "status": "synced", "timestamp": "2025-10-29T05:22:59.021416Z", "latency_ms": 50}
{"module": "creative", "status": "synced", "timestamp": "2025-10-29T05:23:03.064345Z", "latency_ms": 50}
{"module": "education", "status": "synced", "timestamp": "2025-10-29T05:23:37.093912Z", "latency_ms": 50}
{"module": "finance", "status": "synced", "timestamp": "2025-10-29T05:23:41.119907Z", "latency_ms": 50}
{"module": "creative", "status": "synced", "timestamp": "2025-10-29T05:23:45.148438Z", "latency_ms": 50}
{"module": "education", "status": "synced", "timestamp": "2025-10-29T05:24:19.169448Z", "latency_ms": 50}
{"module": "finance", "status": "synced", "timestamp": "2025-10-29T05:24:23.202859Z", "latency_ms": 50}
{"module": "creative", "status": "synced", "timestamp": "2025-10-29T05:24:27.231147Z", "latency_ms": 50}
{"module": "education", "status": "synced", "timestamp": "2025-10-29T05:25:01.261529Z", "latency_ms": 50}
{"module": "finance", "status": "synced", "timestamp": "2025-10-29T05:25:05.290190Z", "latency_ms": 50}
{"module": "creative", "status": "synced", "timestamp": "2025-10-29T05:25:09.335319Z", "latency_ms": 50}
{"module": "education", "status": "synced", "timestamp": "2025-10-29T05:25:43.371179Z", "latency_ms": 50}
{"module": "finance", "status": "synced", "timestamp": "2025-10-29T05:25:47.388316Z", "latency_ms": 50}
{"module": "creative", "status": "synced", "timestamp": "2025-10-29T05:25:51.440355Z", "latency_ms": 50}
{"module": "education", "status": "synced", "timestamp": "2025-10-29T05:26:25.470268Z", "latency_ms": 50}
{"module": "finance", "status": "synced", "timestamp": "2025-10-29T05:26:29.505610Z", "latency_ms": 50}
{"module": "creative", "status": "synced", "timestamp": "2025-10-29T05:26:33.524923Z", "latency_ms": 50}
{"module": "education", "status": "synced", "timestamp": "2025-10-29T05:27:07.565397Z", "latency_ms": 50}
{"module": "finance", "status": "synced", "timestamp": "2025-10-29T05:27:11.601529Z", "latency_ms": 50}
{"module": "creative", "status": "synced", "timestamp": "2025-10-29T05:27:15.632073Z", "latency_ms": 50}
{"module": "education", "status": "synced", "timestamp": "2025-10-29T05:27:49.659819Z", "latency_ms": 50}
{"module": "finance", "status": "synced", "timestamp": "2025-10-29T05:27:53.707402Z", "latency_ms": 50}
{"module": "creative", "status": "synced", "timestamp": "2025-10-29T05:27:57.736921Z", "latency_ms": 50}
{"module": "education", "status": "synced", "timestamp": "2025-10-29T05:28:31.756446Z", "latency_ms": 50}
{"module": "finance", "status": "synced", "timestamp": "2025-10-29T05:28:35.785724Z", "latency_ms": 50}
{"module": "creative", "status": "synced", "timestamp": "2025-10-29T05:28:39.829999Z", "latency_ms": 50}
{"module": "education", "status": "synced", "timestamp": "2025-10-29T05:29:13.851859Z", "latency_ms": 50}
{"module": "finance", "status": "synced", "timestamp": "2025-10-29T05:29:17.881972Z", "latency_ms": 50}
{"module": "creative", "status": "synced", "timestamp": "2025-10-29T05:29:21.919939Z", "latency_ms": 50}
{"module": "education", "status": "synced", "timestamp": "2025-10-29T05:29:55.967373Z", "latency_ms": 50}
{"module": "finance", "status": "synced", "timestamp": "2025-10-29T05:30:00.015618Z", "latency_ms": 50}
{"module": "creative", "status": "synced", "timestamp": "2025-10-29T05:30:04.062021Z", "latency_ms": 50}
{"module": "education", "status": "synced", "timestamp": "2025-10-29T05:30:38.102210Z", "latency_ms": 50}
{"module": "finance", "status": "synced", "timestamp": "2025-10-29T05:30:42.137684Z", "latency_ms": 50}
{"module": "creative", "status": "synced", "timestamp": "2025-10-29T05:30:46.164101Z", "latency_ms": 50}
{"module": "education", "status": "synced", "timestamp": "2025-10-29T05:31:20.220747Z", "latency_ms": 50}
{"module": "finance", "status": "synced", "timestamp": "2025-10-29T05:31:24.275154Z", "latency_ms": 50}
{"module": "creative", "status": "synced", "timestamp": "2025-10-29T05:31:28.310068Z", "latency_ms": 50}
{"module": "education", "status": "synced", "timestamp": "2025-10-29T05:32:02.362846Z", "latency_ms": 50}
{"module": "finance", "status": "synced", "timestamp": "2025-10-29T05:32:06.388339Z", "latency_ms": 50}
{"module": "creative", "status": "synced", "timestamp": "2025-10-29T05:32:10.426781Z", "latency_ms": 50}
{"module": "education", "status": "synced", "timestamp": "2025-10-29T05:32:44.448346Z", "latency_ms": 50}
{"module": "finance", "status": "synced", "timestamp": "2025-10-29T05:32:48.475116Z", "latency_ms": 50}
{"module": "creative", "status": "synced", "timestamp": "2025-10-29T05:32:52.536056Z", "latency_ms": 50}
{"module": "education", "status": "synced", "timestamp": "2025-10-29T05:33:26.576349Z", "latency_ms": 50}
{"module": "finance", "status": "synced", "timestamp": "2025-10-29T05:33:30.623734Z", "latency_ms": 50}
{"module": "creative", "status": "synced", "timestamp": "2025-10-29T05:33:34.657122Z", "latency_ms": 50}
{"module": "education", "status": "synced", "timestamp": "2025-10-29T05:34:08.715231Z", "latency_ms": 50}
{"module": "finance", "status": "synced", "timestamp": "2025-10-29T05:34:12.757592Z", "latency_ms": 50}
{"module": "creative", "status": "synced", "timestamp": "2025-10-29T05:34:16.809893Z", "latency_ms": 50}
{"module": "education", "status": "synced", "timestamp": "2025-10-29T05:34:50.860643Z", "latency_ms": 50}
{"module": "finance", "status": "synced", "timestamp": "2025-10-29T05:34:54.887683Z", "latency_ms": 50}
{"module": "creative", "status": "synced", "timestamp": "2025-10-29T05:34:58.929440Z", "latency_ms": 50}
{"module": "education", "status": "synced", "timestamp": "2025-10-29T05:35:32.982144Z", "latency_ms": 50}
{"module": "finance", "status": "synced", "timestamp": "2025-10-29T05:35:37.044566Z", "latency_ms": 50}
{"module": "creative", "status": "synced", "timestamp": "2025-10-29T05:35:41.077395Z", "latency_ms": 50}
{"module": "education", "status": "synced", "timestamp": "2025-10-29T05:36:15.107413Z", "latency_ms": 50}
{"module": "finance", "status": "synced", "timestamp": "2025-10-29T05:36:19.140249Z", "latency_ms": 50}
{"module": "creative", "status": "synced", "timestamp": "2025-10-29T05:36:23.169607Z", "latency_ms": 50}
{"module": "education", "status": "synced", "timestamp": "2025-10-29T05:36:57.215433Z", "latency_ms": 50}
{"module": "finance", "status": "synced", "timestamp": "2025-10-29T05:37:01.248475Z", "latency_ms": 50}
{"module": "creative", "status": "synced", "timestamp": "2025-10-29T05:37:05.311249Z", "latency_ms": 50}
{"module": "education", "status": "synced", "timestamp": "2025-10-29T05:37:39.362370Z", "latency_ms": 50}
{"module": "finance", "status": "synced", "timestamp": "2025-10-29T05:37:43.403029Z", "latency_ms": 50}
{"module": "creative", "status": "synced", "timestamp": "2025-10-29T05:37:47.441512Z", "latency_ms": 50}
{"module": "education", "status": "synced", "timestamp": "2025-10-29T05:38:21.490667Z", "latency_ms": 50}
{"module": "finance", "status": "synced", "timestamp": "2025-10-29T05:38:25.543031Z", "latency_ms": 50}
{"module": "creative", "status": "synced", "timestamp": "2025-10-29T05:38:29.592047Z", "latency_ms": 50}
{"module": "education", "status": "synced", "timestamp": "2025-10-29T05:39:03.622797Z", "latency_ms": 50}
{"module": "finance", "status": "synced", "timestamp": "2025-10-29T05:39:07.654181Z", "latency_ms": 50}
{"module": "creative", "status": "synced", "timestamp": "2025-10-29T05:39:11.686522Z", "latency_ms": 50}
{"module": "education", "status": "synced", "timestamp": "2025-10-29T05:39:45.720964Z", "latency_ms": 50}
{"module": "finance", "status": "synced", "timestamp": "2025-10-29T05:39:49.766341Z", "latency_ms": 50}
{"module": "creative", "status": "synced", "timestamp": "2025-10-29T05:39:53.811337Z", "latency_ms": 50}
{"module": "education", "status": "synced", "timestamp": "2025-10-29T05:40:27.843045Z", "latency_ms": 50}
{"module": "finance", "status": "synced", "timestamp": "2025-10-29T05:40:31.875077Z", "latency_ms": 50}
{"module": "creative", "status": "synced", "timestamp": "2025-10-29T05:40:35.913832Z", "latency_ms": 50}
{"module": "education", "status": "synced", "timestamp": "2025-10-29T05:41:09.936557Z", "latency_ms": 50}
{"module": "finance", "status": "synced", "timestamp": "2025-10-29T05:41:13.977146Z", "latency_ms": 50}
{"module": "creative", "status": "synced", "timestamp": "2025-10-29T05:41:18.028259Z", "latency_ms": 50}
{"module": "education", "status": "synced", "timestamp": "2025-10-29T05:41:52.075540Z", "latency_ms": 50}
{"module": "finance", "status": "synced", "timestamp": "2025-10-29T05:41:56.123300Z", "latency_ms": 50}
{"module": "creative", "status": "synced", "timestamp": "2025-10-29T05:42:00.175502Z", "latency_ms": 50}
{"module": "education", "status": "synced", "timestamp": "2025-10-29T05:42:34.232005Z", "latency_ms": 50}
{"module": "finance", "status": "synced", "timestamp": "2025-10-29T05:42:38.268597Z", "latency_ms": 50}
{"module": "creative", "status": "synced", "timestamp": "2025-10-29T05:42:42.320653Z", "latency_ms": 50}
{"module": "education", "status": "synced", "timestamp": "2025-10-29T05:43:16.358361Z", "latency_ms": 50}
{"module": "finance", "status": "synced", "timestamp": "2025-10-29T05:43:20.389562Z", "latency_ms": 50}
{"module": "creative", "status": "synced", "timestamp": "2025-10-29T05:43:24.440501Z", "latency_ms": 50}
{"module": "education", "status": "synced", "timestamp": "2025-10-29T05:43:58.488726Z", "latency_ms": 50}
{"module": "finance", "status": "synced", "timestamp": "2025-10-29T05:44:02.513689Z", "latency_ms": 50}
{"module": "creative", "status": "synced", "timestamp": "2025-10-29T05:44:06.558708Z", "latency_ms": 50}
{"module": "education", "status": "synced", "timestamp": "2025-10-29T05:44:40.608206Z", "latency_ms": 50}
{"module": "finance", "status": "synced", "timestamp": "2025-10-29T05:44:44.633630Z", "latency_ms": 50}
{"module": "creative", "status": "synced", "timestamp": "2025-10-29T05:44:48.673313Z", "latency_ms": 50}
{"module": "education", "status": "synced", "timestamp": "2025-10-29T05:45:22.742813Z", "latency_ms": 50}
{"module": "finance", "status": "synced", "timestamp": "2025-10-29T05:45:26.791360Z", "latency_ms": 50}
{"module": "creative", "status": "synced", "timestamp": "2025-10-29T05:45:30.857207Z", "latency_ms": 50}
{"module": "education", "status": "synced", "timestamp": "2025-10-29T05:46:04.893654Z", "latency_ms": 50}
{"module": "finance", "status": "synced", "timestamp": "2025-10-29T05:46:08.941484Z", "latency_ms": 50}
{"module": "creative", "status": "synced", "timestamp": "2025-10-29T05:46:12.982163Z", "latency_ms": 50}
{"module": "education", "status": "synced", "timestamp": "2025-10-29T05:46:47.003091Z", "latency_ms": 50}
{"module": "finance", "status": "synced", "timestamp": "2025-10-29T05:46:51.037309Z", "latency_ms": 50}
{"module": "creative", "status": "synced", "timestamp": "2025-10-29T05:46:55.043662Z", "latency_ms": 50}
{"module": "education", "status": "synced", "timestamp": "2025-10-29T05:47:29.076787Z", "latency_ms": 50}
{"module": "finance", "status": "synced", "timestamp": "2025-10-29T05:47:33.113410Z", "latency_ms": 50}
{"module": "creative", "status": "synced", "timestamp": "2025-10-29T05:47:37.131951Z", "latency_ms": 50}
{"module": "education", "status": "synced", "timestamp": "2025-10-29T05:48:11.175658Z", "latency_ms": 50}
{"module": "finance", "status": "synced", "timestamp": "2025-10-29T05:48:15.204489Z", "latency_ms": 50}
{"module": "creative", "status": "synced", "timestamp": "2025-10-29T05:48:19.246812Z", "latency_ms": 50}
{"module": "education", "status": "synced", "timestamp": "2025-10-29T05:48:53.278924Z", "latency_ms": 50}
{"module": "finance", "status": "synced", "timestamp": "2025-10-29T05:48:57.309713Z", "latency_ms": 50}
{"module": "creative", "status": "synced", "timestamp": "2025-10-29T05:49:01.335890Z", "latency_ms": 50}
{"module": "education", "status": "synced", "timestamp": "2025-10-29T05:49:35.372850Z", "latency_ms": 50}
{"module": "finance", "status": "synced", "timestamp": "2025-10-29T05:49:39.395489Z", "latency_ms": 50}
{"module": "creative", "status": "synced", "timestamp": "2025-10-29T05:49:43.424297Z", "latency_ms": 50}
{"module": "education", "status": "synced", "timestamp": "2025-10-29T05:50:17.450453Z", "latency_ms": 50}
{"module": "finance", "status": "synced", "timestamp": "2025-10-29T05:50:21.471767Z", "latency_ms": 50}
{"module": "creative", "status": "synced", "timestamp": "2025-10-29T05:50:25.480007Z", "latency_ms": 50}
{"module": "education", "status": "synced", "timestamp": "2025-10-29T05:50:59.515946Z", "latency_ms": 50}
{"module": "finance", "status": "synced", "timestamp": "2025-10-29T05:51:03.558505Z", "latency_ms": 50}
{"module": "creative", "status": "synced", "timestamp": "2025-10-29T05:51:07.603709Z", "latency_ms": 50}
{"module": "education", "status": "synced", "timestamp": "2025-10-29T05:51:41.654461Z", "latency_ms": 50}
{"module": "finance", "status": "synced", "timestamp": "2025-10-29T05:51:45.689684Z", "latency_ms": 50}
{"module": "creative", "status": "synced", "timestamp": "2025-10-29T05:51:49.725764Z", "latency_ms": 50}
{"module": "education", "status": "synced", "timestamp": "2025-10-29T05:52:23.755886Z", "latency_ms": 50}
{"module": "finance", "status": "synced", "timestamp": "2025-10-29T05:52:27.793049Z", "latency_ms": 50}
{"module": "creative", "status": "synced", "timestamp": "2025-10-29T05:52:31.828701Z", "latency_ms": 50}
{"module": "education", "status": "synced", "timestamp": "2025-10-29T05:53:05.867159Z", "latency_ms": 50}
{"module": "finance", "status": "synced", "timestamp": "2025-10-29T05:53:09.915905Z", "latency_ms": 50}
{"module": "creative", "status": "synced", "timestamp": "2025-10-29T05:53:13.953748Z", "latency_ms": 50}
{"module": "education", "status": "synced", "timestamp": "2025-10-29T05:53:47.987558Z", "latency_ms": 50}
{"module": "finance", "status": "synced", "timestamp": "2025-10-29T05:53:52.034761Z", "latency_ms": 50}
{"module": "creative", "status": "synced", "timestamp": "2025-10-29T05:53:56.073909Z", "latency_ms": 50}
{"module": "education", "status": "synced", "timestamp": "2025-10-29T05:54:30.122564Z", "latency_ms": 50}
{"module": "finance", "status": "synced", "timestamp": "2025-10-29T05:54:34.167916Z", "latency_ms": 50}
{"module": "creative", "status": "synced", "timestamp": "2025-10-29T05:54:38.216343Z", "latency_ms": 50}
{"module": "education", "status": "synced", "timestamp": "2025-10-29T05:55:12.268869Z", "latency_ms": 50}
{"module": "finance", "status": "synced", "timestamp": "2025-10-29T05:55:16.308386Z", "latency_ms": 50}
{"module": "creative", "status": "synced", "timestamp": "2025-10-29T05:55:20.342486Z", "latency_ms": 50}
{"module": "education", "status": "synced", "timestamp": "2025-10-29T05:55:54.380270Z", "latency_ms": 50}
{"module": "finance", "status": "synced", "timestamp": "2025-10-29T05:55:58.400035Z", "latency_ms": 50}
{"module": "creative", "status": "synced", "timestamp": "2025-10-29T05:56:02.413944Z", "latency_ms": 50}
{"module": "education", "status": "synced", "timestamp": "2025-10-29T05:56:36.440738Z", "latency_ms": 50}
{"module": "finance", "status": "synced", "timestamp": "2025-10-29T05:56:40.482410Z", "latency_ms": 50}
{"module": "creative", "status": "synced", "timestamp": "2025-10-29T05:56:44.531148Z", "latency_ms": 50}
{"module": "education", "status": "synced", "timestamp": "2025-10-29T05:57:18.569066Z", "latency_ms": 50}
{"module": "finance", "status": "synced", "timestamp": "2025-10-29T05:57:22.621040Z", "latency_ms": 50}
{"module": "creative", "status": "synced", "timestamp": "2025-10-29T05:57:26.660170Z", "latency_ms": 50}
{"module": "education", "status": "synced", "timestamp": "2025-10-29T05:58:00.708623Z", "latency_ms": 50}
{"module": "finance", "status": "synced", "timestamp": "2025-10-29T05:58:04.761605Z", "latency_ms": 50}
{"module": "creative", "status": "synced", "timestamp": "2025-10-29T05:58:08.813821Z", "latency_ms": 50}
{"module": "education", "status": "synced", "timestamp": "2025-10-29T05:58:42.856663Z", "latency_ms": 50}
{"module": "finance", "status": "synced", "timestamp": "2025-10-29T05:58:46.901888Z", "latency_ms": 50}
{"module": "creative", "status": "synced", "timestamp": "2025-10-29T05:58:50.943298Z", "latency_ms": 50}
{"module": "education", "status": "synced", "timestamp": "2025-10-29T05:59:24.970436Z", "latency_ms": 50}
{"module": "finance", "status": "synced", "timestamp": "2025-10-29T05:59:28.989420Z", "latency_ms": 50}
{"module": "creative", "status": "synced", "timestamp": "2025-10-29T05:59:33.031957Z", "latency_ms": 50}
{"module": "education", "status": "synced", "timestamp": "2025-10-29T06:00:07.071856Z", "latency_ms": 50}
{"module": "finance", "status": "synced", "timestamp": "2025-10-29T06:00:11.123098Z", "latency_ms": 50}
{"module": "creative", "status": "synced", "timestamp": "2025-10-29T06:00:15.154448Z", "latency_ms": 50}
{"module": "education", "status": "synced", "timestamp": "2025-10-29T06:00:49.187118Z", "latency_ms": 50}
{"module": "finance", "status": "synced", "timestamp": "2025-10-29T06:00:53.233409Z", "latency_ms": 50}
{"module": "creative", "status": "synced", "timestamp": "2025-10-29T06:00:57.270465Z", "latency_ms": 50}
{"module": "education", "status": "synced", "timestamp": "2025-10-29T06:01:31.324948Z", "latency_ms": 50}
{"module": "finance", "status": "synced", "timestamp": "2025-10-29T06:01:35.360403Z", "latency_ms": 50}
{"module": "creative", "status": "synced", "timestamp": "2025-10-29T06:01:39.404035Z", "latency_ms": 50}
{"module": "education", "status": "synced", "timestamp": "2025-10-29T06:02:13.451122Z", "latency_ms": 50}
{"module": "finance", "status": "synced", "timestamp": "2025-10-29T06:02:17.483175Z", "latency_ms": 50}
{"module": "creative", "status": "synced", "timestamp": "2025-10-29T06:02:21.531301Z", "latency_ms": 50}
{"module": "education", "status": "synced", "timestamp": "2025-10-29T06:02:55.593047Z", "latency_ms": 50}
{"module": "finance", "status": "synced", "timestamp": "2025-10-29T06:02:59.630042Z", "latency_ms": 50}
{"module": "creative", "status": "synced", "timestamp": "2025-10-29T06:03:03.665777Z", "latency_ms": 50}
{"module": "education", "status": "synced", "timestamp": "2025-10-29T06:03:37.687242Z", "latency_ms": 50}
{"module": "finance", "status": "synced", "timestamp": "2025-10-29T06:03:41.713725Z", "latency_ms": 50}
{"module": "creative", "status": "synced", "timestamp": "2025-10-29T06:03:45.741633Z", "latency_ms": 50}
{"module": "education", "status": "synced", "timestamp": "2025-10-29T06:04:19.764797Z", "latency_ms": 50}
{"module": "finance", "status": "synced", "timestamp": "2025-10-29T06:04:23.809789Z", "latency_ms": 50}
{"module": "creative", "status": "synced", "timestamp": "2025-10-29T06:04:27.851797Z", "latency_ms": 50}
{"module": "education", "status": "synced", "timestamp": "2025-10-29T06:05:01.882376Z", "latency_ms": 50}
{"module": "finance", "status": "synced", "timestamp": "2025-10-29T06:05:05.896969Z", "latency_ms": 50}
{"module": "creative", "status": "synced", "timestamp": "2025-10-29T06:05:09.939378Z", "latency_ms": 50}
{"module": "education", "status": "synced", "timestamp": "2025-10-29T06:05:43.959439Z", "latency_ms": 50}
{"module": "finance", "status": "synced", "timestamp": "2025-10-29T06:05:47.990042Z", "latency_ms": 50}
{"module": "creative", "status": "synced", "timestamp": "2025-10-29T06:05:52.049600Z", "latency_ms": 50}
{"module": "education", "status": "synced", "timestamp": "2025-10-29T06:06:26.091835Z", "latency_ms": 50}
{"module": "finance", "status": "synced", "timestamp": "2025-10-29T06:06:30.137825Z", "latency_ms": 50}
{"module": "creative", "status": "synced", "timestamp": "2025-10-29T06:06:34.172469Z", "latency_ms": 50}
{"module": "education", "status": "synced", "timestamp": "2025-10-29T06:07:08.211454Z", "latency_ms": 50}
{"module": "finance", "status": "synced", "timestamp": "2025-10-29T06:07:12.247216Z", "latency_ms": 50}
{"module": "creative", "status": "synced", "timestamp": "2025-10-29T06:07:16.293198Z", "latency_ms": 50}
{"module": "education", "status": "synced", "timestamp": "2025-10-29T06:07:50.337330Z", "latency_ms": 50}
{"module": "finance", "status": "synced", "timestamp": "2025-10-29T06:07:54.379948Z", "latency_ms": 50}
{"module": "creative", "status": "synced", "timestamp": "2025-10-29T06:07:58.419561Z", "latency_ms": 50}
{"module": "education", "status": "synced", "timestamp": "2025-10-29T06:08:32.447762Z", "latency_ms": 50}
{"module": "finance", "status": "synced", "timestamp": "2025-10-29T06:08:36.488598Z", "latency_ms": 50}
{"module": "creative", "status": "synced", "timestamp": "2025-10-29T06:08:40.528799Z", "latency_ms": 50}
{"module": "education", "status": "synced", "timestamp": "2025-10-29T06:09:14.552640Z", "latency_ms": 50}
{"module": "finance", "status": "synced", "timestamp": "2025-10-29T06:09:18.580400Z", "latency_ms": 50}
{"module": "creative", "status": "synced", "timestamp": "2025-10-29T06:09:22.633445Z", "latency_ms": 50}
{"module": "education", "status": "synced", "timestamp": "2025-10-29T06:09:56.656758Z", "latency_ms": 50}
{"module": "finance", "status": "synced", "timestamp": "2025-10-29T06:10:00.684645Z", "latency_ms": 50}
{"module": "creative", "status": "synced", "timestamp": "2025-10-29T06:10:04.717676Z", "latency_ms": 50}
{"module": "education", "status": "synced", "timestamp": "2025-10-29T06:10:38.740732Z", "latency_ms": 50}
{"module": "finance", "status": "synced", "timestamp": "2025-10-29T06:10:42.789726Z", "latency_ms": 50}
{"module": "creative", "status": "synced", "timestamp": "2025-10-29T06:10:46.810155Z", "latency_ms": 50}
{"module": "education", "status": "synced", "timestamp": "2025-10-29T06:11:20.846323Z", "latency_ms": 50}
{"module": "finance", "status": "synced", "timestamp": "2025-10-29T06:11:24.870332Z", "latency_ms": 50}
{"module": "creative", "status": "synced", "timestamp": "2025-10-29T06:11:28.896824Z", "latency_ms": 50}
{"module": "education", "status": "synced", "timestamp": "2025-10-29T06:12:02.926095Z", "latency_ms": 50}
{"module": "finance", "status": "synced", "timestamp": "2025-10-29T06:12:06.962822Z", "latency_ms": 50}
{"module": "creative", "status": "synced", "timestamp": "2025-10-29T06:12:10.995022Z", "latency_ms": 50}
{"module": "education", "status": "synced", "timestamp": "2025-10-29T06:12:45.015153Z", "latency_ms": 50}
{"module": "finance", "status": "synced", "timestamp": "2025-10-29T06:12:49.042926Z", "latency_ms": 50}
{"module": "creative", "status": "synced", "timestamp": "2025-10-29T06:12:53.069643Z", "latency_ms": 50}
{"module": "education", "status": "synced", "timestamp": "2025-10-29T06:13:27.109942Z", "latency_ms": 50}
{"module": "finance", "status": "synced", "timestamp": "2025-10-29T06:13:31.140802Z", "latency_ms": 50}
{"module": "creative", "status": "synced", "timestamp": "2025-10-29T06:13:35.167698Z", "latency_ms": 50}
{"module": "education", "status": "synced", "timestamp": "2025-10-29T06:14:09.207572Z", "latency_ms": 50}
{"module": "finance", "status": "synced", "timestamp": "2025-10-29T06:14:13.249488Z", "latency_ms": 50}
{"module": "creative", "status": "synced", "timestamp": "2025-10-29T06:14:17.291153Z", "latency_ms": 50}
{"module": "education", "status": "synced", "timestamp": "2025-10-29T06:14:51.339299Z", "latency_ms": 50}
{"module": "finance", "status": "synced", "timestamp": "2025-10-29T06:14:55.382261Z", "latency_ms": 50}
{"module": "creative", "status": "synced", "timestamp": "2025-10-29T06:14:59.426708Z", "latency_ms": 50}
{"module": "education", "status": "synced", "timestamp": "2025-10-29T06:15:33.468870Z", "latency_ms": 50}
{"module": "finance", "status": "synced", "timestamp": "2025-10-29T06:15:37.510763Z", "latency_ms": 50}
{"module": "creative", "status": "synced", "timestamp": "2025-10-29T06:15:41.544149Z", "latency_ms": 50}
{"module": "education", "status": "synced", "timestamp": "2025-10-29T06:16:15.596054Z", "latency_ms": 50}
{"module": "finance", "status": "synced", "timestamp": "2025-10-29T06:16:19.642631Z", "latency_ms": 50}
{"module": "creative", "status": "synced", "timestamp": "2025-10-29T06:16:23.672950Z", "latency_ms": 50}
{"module": "education", "status": "synced", "timestamp": "2025-10-29T06:16:57.700914Z", "latency_ms": 50}
{"module": "finance", "status": "synced", "timestamp": "2025-10-29T06:17:01.724602Z", "latency_ms": 50}
{"module": "creative", "status": "synced", "timestamp": "2025-10-29T06:17:05.747595Z", "latency_ms": 50}
{"module": "education", "status": "synced", "timestamp": "2025-10-29T06:17:39.797690Z", "latency_ms": 50}
{"module": "finance", "status": "synced", "timestamp": "2025-10-29T06:17:43.847914Z", "latency_ms": 50}
{"module": "creative", "status": "synced", "timestamp": "2025-10-29T06:17:47.866967Z", "latency_ms": 50}
{"module": "education", "status": "synced", "timestamp": "2025-10-29T06:18:21.906651Z", "latency_ms": 50}
{"module": "finance", "status": "synced", "timestamp": "2025-10-29T06:18:25.936882Z", "latency_ms": 50}
{"module": "creative", "status": "synced", "timestamp": "2025-10-29T06:18:29.969091Z", "latency_ms": 50}
{"module": "education", "status": "synced", "timestamp": "2025-10-29T06:19:03.997085Z", "latency_ms": 50}
{"module": "finance", "status": "synced", "timestamp": "2025-10-29T06:19:08.028642Z", "latency_ms": 50}
{"module": "creative", "status": "synced", "timestamp": "2025-10-29T06:19:12.060977Z", "latency_ms": 50}
{"module": "education", "status": "synced", "timestamp": "2025-10-29T06:19:46.123367Z", "latency_ms": 50}
{"module": "finance", "status": "synced", "timestamp": "2025-10-29T06:19:50.169720Z", "latency_ms": 50}
{"module": "creative", "status": "synced", "timestamp": "2025-10-29T06:19:54.187241Z", "latency_ms": 50}
{"module": "education", "status": "synced", "timestamp": "2025-10-29T06:20:28.248980Z", "latency_ms": 50}
{"module": "finance", "status": "synced", "timestamp": "2025-10-29T06:20:32.279395Z", "latency_ms": 50}
{"module": "creative", "status": "synced", "timestamp": "2025-10-29T06:20:36.320377Z", "latency_ms": 50}
{"module": "education", "status": "synced", "timestamp": "2025-10-29T06:21:10.374798Z", "latency_ms": 50}
{"module": "finance", "status": "synced", "timestamp": "2025-10-29T06:21:14.413564Z", "latency_ms": 50}
{"module": "creative", "status": "synced", "timestamp": "2025-10-29T06:21:18.451024Z", "latency_ms": 50}
{"module": "education", "status": "synced", "timestamp": "2025-10-29T06:21:52.497928Z", "latency_ms": 50}
{"module": "finance", "status": "synced", "timestamp": "2025-10-29T06:21:56.547163Z", "latency_ms": 50}
{"module": "creative", "status": "synced", "timestamp": "2025-10-29T06:22:00.591158Z", "latency_ms": 50}
{"module": "education", "status": "synced", "timestamp": "2025-10-29T06:22:34.631606Z", "latency_ms": 50}
{"module": "finance", "status": "synced", "timestamp": "2025-10-29T06:22:38.667653Z", "latency_ms": 50}
{"module": "creative", "status": "synced", "timestamp": "2025-10-29T06:22:42.697818Z", "latency_ms": 50}
{"module": "education", "status": "synced", "timestamp": "2025-10-29T06:23:16.732784Z", "latency_ms": 50}
{"module": "finance", "status": "synced", "timestamp": "2025-10-29T06:23:20.764700Z", "latency_ms": 50}
{"module": "creative", "status": "synced", "timestamp": "2025-10-29T06:23:24.800936Z", "latency_ms": 50}
{"module": "education", "status": "synced", "timestamp": "2025-10-29T06:23:58.843099Z", "latency_ms": 50}
{"module": "finance", "status": "synced", "timestamp": "2025-10-29T06:24:02.856749Z", "latency_ms": 50}
{"module": "creative", "status": "synced", "timestamp": "2025-10-29T06:24:06.903700Z", "latency_ms": 50}
{"module": "education", "status": "synced", "timestamp": "2025-10-29T06:24:40.952286Z", "latency_ms": 50}
{"module": "finance", "status": "synced", "timestamp": "2025-10-29T06:24:44.997702Z", "latency_ms": 50}
{"module": "creative", "status": "synced", "timestamp": "2025-10-29T06:24:49.050909Z", "latency_ms": 50}
{"module": "education", "status": "synced", "timestamp": "2025-10-29T06:25:23.093051Z", "latency_ms": 50}
{"module": "finance", "status": "synced", "timestamp": "2025-10-29T06:25:27.153145Z", "latency_ms": 50}
{"module": "creative", "status": "synced", "timestamp": "2025-10-29T06:25:31.201486Z", "latency_ms": 50}
{"module": "education", "status": "synced", "timestamp": "2025-10-29T06:26:05.263719Z", "latency_ms": 50}
{"module": "finance", "status": "synced", "timestamp": "2025-10-29T06:26:09.310333Z", "latency_ms": 50}
{"module": "creative", "status": "synced", "timestamp": "2025-10-29T06:26:13.347437Z", "latency_ms": 50}
{"module": "education", "status": "synced", "timestamp": "2025-10-29T06:26:47.389085Z", "latency_ms": 50}
{"module": "finance", "status": "synced", "timestamp": "2025-10-29T06:26:51.437067Z", "latency_ms": 50}
{"module": "creative", "status": "synced", "timestamp": "2025-10-29T06:26:55.497365Z", "latency_ms": 50}
{"module": "education", "status": "synced", "timestamp": "2025-10-29T06:27:29.544287Z", "latency_ms": 50}
{"module": "finance", "status": "synced", "timestamp": "2025-10-29T06:27:33.592270Z", "latency_ms": 50}
{"module": "creative", "status": "synced", "timestamp": "2025-10-29T06:27:37.627473Z", "latency_ms": 50}
{"module": "education", "status": "synced", "timestamp": "2025-10-29T06:28:11.670114Z", "latency_ms": 50}
{"module": "finance", "status": "synced", "timestamp": "2025-10-29T06:28:15.741065Z", "latency_ms": 50}
{"module": "creative", "status": "synced", "timestamp": "2025-10-29T06:28:19.779071Z", "latency_ms": 50}
{"module": "education", "status": "synced", "timestamp": "2025-10-29T06:28:53.814537Z", "latency_ms": 50}
{"module": "finance", "status": "synced", "timestamp": "2025-10-29T06:28:57.856142Z", "latency_ms": 50}
{"module": "creative", "status": "synced", "timestamp": "2025-10-29T06:29:01.894484Z", "latency_ms": 50}
{"module": "education", "status": "synced", "timestamp": "2025-10-29T06:29:35.944390Z", "latency_ms": 50}
{"module": "finance", "status": "synced", "timestamp": "2025-10-29T06:29:39.984494Z", "latency_ms": 50}
{"module": "creative", "status": "synced", "timestamp": "2025-10-29T06:29:44.037390Z", "latency_ms": 50}
{"module": "education", "status": "synced", "timestamp": "2025-10-29T06:30:18.084886Z", "latency_ms": 50}
{"module": "finance", "status": "synced", "timestamp": "2025-10-29T06:30:22.140072Z", "latency_ms": 50}
{"module": "creative", "status": "synced", "timestamp": "2025-10-29T06:30:26.177469Z", "latency_ms": 50}
{"module": "education", "status": "synced", "timestamp": "2025-10-29T06:31:00.217861Z", "latency_ms": 50}
{"module": "finance", "status": "synced", "timestamp": "2025-10-29T06:31:04.255391Z", "latency_ms": 50}
{"module": "creative", "status": "synced", "timestamp": "2025-10-29T06:31:08.300878Z", "latency_ms": 50}
{"module": "education", "status": "synced", "timestamp": "2025-10-29T06:31:42.338607Z", "latency_ms": 50}
{"module": "finance", "status": "synced", "timestamp": "2025-10-29T06:31:46.399707Z", "latency_ms": 50}
{"module": "creative", "status": "synced", "timestamp": "2025-10-29T06:31:50.453328Z", "latency_ms": 50}
{"module": "education", "status": "synced", "timestamp": "2025-10-29T06:32:24.513806Z", "latency_ms": 50}
{"module": "finance", "status": "synced", "timestamp": "2025-10-29T06:32:28.559013Z", "latency_ms": 50}
{"module": "creative", "status": "synced", "timestamp": "2025-10-29T06:32:32.605740Z", "latency_ms": 50}
{"module": "education", "status": "synced", "timestamp": "2025-10-29T06:33:06.632610Z", "latency_ms": 50}
{"module": "finance", "status": "synced", "timestamp": "2025-10-29T06:33:10.654561Z", "latency_ms": 50}
{"module": "creative", "status": "synced", "timestamp": "2025-10-29T06:33:14.705258Z", "latency_ms": 50}
{"module": "education", "status": "synced", "timestamp": "2025-10-29T06:33:48.747038Z", "latency_ms": 50}
{"module": "finance", "status": "synced", "timestamp": "2025-10-29T06:33:52.778594Z", "latency_ms": 50}
{"module": "creative", "status": "synced", "timestamp": "2025-10-29T06:33:56.830584Z", "latency_ms": 50}
{"module": "education", "status": "synced", "timestamp": "2025-10-29T06:34:30.876573Z", "latency_ms": 50}
{"module": "finance", "status": "synced", "timestamp": "2025-10-29T06:34:34.925068Z", "latency_ms": 50}
{"module": "creative", "status": "synced", "timestamp": "2025-10-29T06:34:38.972203Z", "latency_ms": 50}
{"module": "education", "status": "synced", "timestamp": "2025-10-29T06:35:12.998217Z", "latency_ms": 50}
{"module": "finance", "status": "synced", "timestamp": "2025-10-29T06:35:17.054751Z", "latency_ms": 50}
{"module": "creative", "status": "synced", "timestamp": "2025-10-29T06:35:21.101851Z", "latency_ms": 50}
{"module": "education", "status": "synced", "timestamp": "2025-10-29T06:35:55.159017Z", "latency_ms": 50}
{"module": "finance", "status": "synced", "timestamp": "2025-10-29T06:35:59.210979Z", "latency_ms": 50}
{"module": "creative", "status": "synced", "timestamp": "2025-10-29T06:36:03.235703Z", "latency_ms": 50}
{"module": "education", "status": "synced", "timestamp": "2025-10-29T06:36:37.291562Z", "latency_ms": 50}
{"module": "finance", "status": "synced", "timestamp": "2025-10-29T06:36:41.340536Z", "latency_ms": 50}
{"module": "creative", "status": "synced", "timestamp": "2025-10-29T06:36:45.393228Z", "latency_ms": 50}
{"module": "education", "status": "synced", "timestamp": "2025-10-29T06:37:19.440793Z", "latency_ms": 50}
{"module": "finance", "status": "synced", "timestamp": "2025-10-29T06:37:23.488984Z", "latency_ms": 50}
{"module": "creative", "status": "synced", "timestamp": "2025-10-29T06:37:27.551797Z", "latency_ms": 50}
{"module": "education", "status": "synced", "timestamp": "2025-10-29T06:38:01.585117Z", "latency_ms": 50}
{"module": "finance", "status": "synced", "timestamp": "2025-10-29T06:38:05.629359Z", "latency_ms": 50}
{"module": "creative", "status": "synced", "timestamp": "2025-10-29T06:38:09.667219Z", "latency_ms": 50}
